[24-01-2025 15:38:05]-[deltime:72]:❌ Ошибка -> Ошибка загрузки файла конфигурации config.toml TOML parse error at line 1, column 1
  |
1 | [[tasks]]
  | ^
invalid type: map, expected a sequence

[24-01-2025 15:42:56]-[deltime::tests:189]:💬 Информация -> Err(TomlSerializeError(Error { inner: UnsupportedType(None) }))
[24-01-2025 15:45:02]-[deltime::tests:192]:💬 Информация -> Err(TomlSerializeError(Error { inner: UnsupportedType(None) }))
[24-01-2025 15:46:27]-[deltime::tests:177]:💬 Информация -> Ok(())
[24-01-2025 15:50:50]-[deltime:122]:💬 Информация -> Файл config.toml удален
[24-01-2025 15:50:50]-[deltime:32]:❌ Ошибка -> Ошибка, файл file1 не существует, задача выполнена не будет
[24-01-2025 15:50:50]-[deltime:32]:❌ Ошибка -> Ошибка, файл file2 не существует, задача выполнена не будет
[24-01-2025 15:51:28]-[deltime:75]:❌ Ошибка -> Ошибка загрузки файла конфигурации config.toml No such file or directory (os error 2)
[24-01-2025 15:53:33]-[deltime:80]:❌ Ошибка -> Ошибка загрузки файла конфигурации config.toml No such file or directory (os error 2)
[24-01-2025 15:58:29]-[deltime::tests:172]:💬 Информация -> Ok(())
[24-01-2025 15:59:58]-[deltime::tests:172]:💬 Информация -> Ok(())
[24-01-2025 16:00:15]-[deltime:115]:💬 Информация -> Файл config.toml удален
[24-01-2025 16:00:15]-[deltime:115]:💬 Информация -> Файл /hard/xar/projects/tests/1 удален
[24-01-2025 16:01:15]-[deltime:115]:💬 Информация -> Файл /hard/xar/projects/tests/2 удален
[24-01-2025 16:02:13]-[deltime::tests:173]:💬 Информация -> Ok(())
[24-01-2025 16:02:31]-[deltime:116]:💬 Информация -> Файл config.toml удален
[24-01-2025 16:02:31]-[deltime:25]:❌ Ошибка -> Ошибка, файл /hard/xar/projects/tests/1 не существует, задача выполнена не будет
[24-01-2025 16:02:31]-[deltime:25]:❌ Ошибка -> Ошибка, файл /hard/xar/projects/tests/2 не существует, задача выполнена не будет
[24-01-2025 16:02:43]-[deltime::tests:173]:💬 Информация -> Ok(())
[24-01-2025 16:04:49]-[deltime::tests:175]:💬 Информация -> Ok(())
[24-01-2025 16:05:01]-[deltime:116]:💬 Информация -> Файл config.toml удален
[24-01-2025 16:05:01]-[deltime:116]:💬 Информация -> Файл /hard/xar/projects/tests/1 удален
[24-01-2025 16:05:25]-[deltime::tests:175]:💬 Информация -> Ok(())
[24-01-2025 16:05:32]-[deltime:116]:💬 Информация -> Файл config.toml удален
[24-01-2025 16:05:32]-[deltime:116]:💬 Информация -> Файл /hard/xar/projects/tests/1 удален
[24-01-2025 16:07:41]-[deltime:63]:💬 Информация -> [Task { file_path: "/hard/xar/projects/tests/2", del_time_interval: None, del_time: Some(Date(2025-01-24T16:07:25)) }]
[24-01-2025 16:12:18]-[deltime::tests:175]:💬 Информация -> Ok(())
[24-01-2025 16:12:47]-[deltime:116]:💬 Информация -> Файл config.toml удален
[24-01-2025 16:14:47]-[deltime:63]:💬 Информация -> [Task { file_path: "/hard/xar/projects/tests/1", del_time_interval: Some(2), del_time: None }, Task { file_path: "/hard/xar/projects/tests/2", del_time_interval: None, del_time: Some(Date(2025-01-24T16:14:18)) }]
[24-01-2025 16:14:47]-[deltime:116]:💬 Информация -> Файл /hard/xar/projects/tests/1 удален
[24-01-2025 16:15:47]-[deltime:116]:💬 Информация -> Файл /hard/xar/projects/tests/2 удален
[24-01-2025 16:16:47]-[deltime:63]:💬 Информация -> []
[24-01-2025 16:19:57]-[deltime::tests:178]:💬 Информация -> Ok(())
[24-01-2025 16:20:03]-[deltime:119]:💬 Информация -> Файл config.toml удален
[24-01-2025 16:23:03]-[deltime:119]:💬 Информация -> Файл /hard/xar/projects/tests/2 удален
[24-01-2025 16:25:59]-[deltime::tests:177]:💬 Информация -> Ok(())
[24-01-2025 16:26:36]-[deltime:120]:💬 Информация -> Файл config.toml удален
[24-01-2025 16:27:36]-[deltime:120]:💬 Информация -> Файл /hard/xar/projects/tests/1 удален
[24-01-2025 16:29:36]-[deltime:120]:💬 Информация -> Файл /hard/xar/projects/tests/2 удален
